<?xml version="1.0" encoding="UTF-8"?>
<robot generator="Robot 7.3.2 (Python 3.12.3 on linux)" generated="2025-07-24T13:26:56.353101" rpa="false" schemaversion="5">
<suite id="s1" name="Basic Pub Sub &amp; Multi Pub Sub &amp; Network Crash &amp; Pub Crash &amp; Rpc N To N Test &amp; Rpc Ping Test &amp; Rpc Reconnect Test &amp; Sub Crash &amp; Sub Send Crash">
<suite id="s1-s1" name="Basic Pub Sub" source="/home/runner/work/ecal-test-suite/ecal-test-suite/integration_tests/basic_pub_sub/robottests/basic_pub_sub.robot">
<kw name="Init Test Context" type="SETUP">
<kw name="Set Test Context" owner="GlobalPathsLibrary">
<arg>basic_pub_sub</arg>
<arg>basic_pub_sub</arg>
<doc>Sets the test folder and tag prefix if it's a valid test case.
The folder must exist under integration_tests/ and contain typical test structure.</doc>
<status status="PASS" start="2025-07-24T13:26:56.469029" elapsed="0.000190"/>
</kw>
<kw name="Get Build Script Path" owner="GlobalPathsLibrary">
<msg time="2025-07-24T13:26:56.469446" level="INFO">${build} = /home/runner/work/ecal-test-suite/ecal-test-suite/integration_tests/basic_pub_sub/scripts/build_images.sh</msg>
<var>${build}</var>
<status status="PASS" start="2025-07-24T13:26:56.469329" elapsed="0.000145"/>
</kw>
<kw name="Get Network Name" owner="GlobalPathsLibrary">
<msg time="2025-07-24T13:26:56.469632" level="INFO">${net} = ecal_test_net</msg>
<var>${net}</var>
<status status="PASS" start="2025-07-24T13:26:56.469547" elapsed="0.000105"/>
</kw>
<kw name="Get Build Script Args" owner="GlobalPathsLibrary">
<msg time="2025-07-24T13:26:56.469825" level="INFO">${args} = ['basic_pub_sub']</msg>
<var>${args}</var>
<status status="PASS" start="2025-07-24T13:26:56.469716" elapsed="0.000129"/>
</kw>
<kw name="Set Suite Variable" owner="BuiltIn">
<msg time="2025-07-24T13:26:56.470091" level="INFO">${BUILD_SCRIPT} = /home/runner/work/ecal-test-suite/ecal-test-suite/integration_tests/basic_pub_sub/scripts/build_images.sh</msg>
<arg>${BUILD_SCRIPT}</arg>
<arg>${build}</arg>
<doc>Makes a variable available everywhere within the scope of the current suite.</doc>
<status status="PASS" start="2025-07-24T13:26:56.469930" elapsed="0.000193"/>
</kw>
<kw name="Set Suite Variable" owner="BuiltIn">
<msg time="2025-07-24T13:26:56.470329" level="INFO">${NETWORK} = ecal_test_net</msg>
<arg>${NETWORK}</arg>
<arg>${net}</arg>
<doc>Makes a variable available everywhere within the scope of the current suite.</doc>
<status status="PASS" start="2025-07-24T13:26:56.470201" elapsed="0.000157"/>
</kw>
<kw name="Get Test Description" owner="GlobalPathsLibrary">
<msg time="2025-07-24T13:26:56.470570" level="INFO">${desc} = This test checks basic communication between a single publisher and a single subscriber.

Test Setup:
- The publisher sends 4 messages, each 0.2 MB in size, on a single topic.
- The subscriber listens...</msg>
<var>${desc}</var>
<doc>Reads the *** Comments *** section from the .robot file and returns it as a string.</doc>
<status status="PASS" start="2025-07-24T13:26:56.470425" elapsed="0.000165"/>
</kw>
<kw name="Log" owner="BuiltIn">
<msg time="2025-07-24T13:26:56.470753" level="INFO">This test checks basic communication between a single publisher and a single subscriber.

Test Setup:
- The publisher sends 4 messages, each 0.2 MB in size, on a single topic.
- The subscriber listens on that topic for 6 seconds and counts received messages.

Covered eCAL modes:
- local_shm
- local_udp
- local_tcp
- network_udp
- network_tcp

Goals:
- Ensure that basic 1:1 communication works reliably across all transport modes.
- Validate correct transmission of payloads (200 KB).

Success Criteria:
- The subscriber receives exactly 4 messages.
- If true, it exits with code 0.
- Otherwise, it exits with code 1.</msg>
<arg>${desc}</arg>
<doc>Logs the given message with the given level.</doc>
<status status="PASS" start="2025-07-24T13:26:56.470662" elapsed="0.000142"/>
</kw>
<kw name="Log To Console" owner="BuiltIn">
<arg>[SETUP] Building Docker image...</arg>
<doc>Logs the given message to the console.</doc>
<status status="PASS" start="2025-07-24T13:26:56.470875" elapsed="0.000098"/>
</kw>
<kw name="Run Process" owner="Process">
<msg time="2025-07-24T13:26:56.471268" level="INFO">Starting process:
/home/runner/work/ecal-test-suite/ecal-test-suite/integration_tests/basic_pub_sub/scripts/build_images.sh basic_pub_sub</msg>
<msg time="2025-07-24T13:26:56.471637" level="FAIL">PermissionError: [Errno 13] Permission denied: '/home/runner/work/ecal-test-suite/ecal-test-suite/integration_tests/basic_pub_sub/scripts/build_images.sh'</msg>
<var>${result}</var>
<arg>${BUILD_SCRIPT}</arg>
<arg>@{args}</arg>
<doc>Runs a process and waits for it to complete.</doc>
<status status="FAIL" start="2025-07-24T13:26:56.471084" elapsed="0.010729">PermissionError: [Errno 13] Permission denied: '/home/runner/work/ecal-test-suite/ecal-test-suite/integration_tests/basic_pub_sub/scripts/build_images.sh'</status>
</kw>
<kw name="Should Be Equal As Integers" owner="BuiltIn">
<arg>${result.rc}</arg>
<arg>0</arg>
<arg>Failed to build Docker image!</arg>
<doc>Fails if objects are unequal after converting them to integers.</doc>
<status status="NOT RUN" start="2025-07-24T13:26:56.481919" elapsed="0.000018"/>
</kw>
<kw name="Create Docker Network" owner="DockerLibrary">
<arg>${NETWORK}</arg>
<status status="NOT RUN" start="2025-07-24T13:26:56.482012" elapsed="0.000015"/>
</kw>
<kw name="Sleep" owner="BuiltIn">
<arg>3s</arg>
<doc>Pauses the test executed for the given time.</doc>
<status status="NOT RUN" start="2025-07-24T13:26:56.482086" elapsed="0.000014"/>
</kw>
<status status="FAIL" start="2025-07-24T13:26:56.468533" elapsed="0.013653">PermissionError: [Errno 13] Permission denied: '/home/runner/work/ecal-test-suite/ecal-test-suite/integration_tests/basic_pub_sub/scripts/build_images.sh'</status>
</kw>
<test id="s1-s1-t1" name="Basic Pub/Sub Local SHM" line="38">
<tag>basic_pub_sub_local_shm</tag>
<status status="FAIL" start="2025-07-24T13:26:56.482245" elapsed="0.000294">Parent suite setup failed:
PermissionError: [Errno 13] Permission denied: '/home/runner/work/ecal-test-suite/ecal-test-suite/integration_tests/basic_pub_sub/scripts/build_images.sh'</status>
</test>
<test id="s1-s1-t2" name="Basic Pub/Sub Local UDP" line="42">
<tag>basic_pub_sub_local_udp</tag>
<status status="FAIL" start="2025-07-24T13:26:56.482756" elapsed="0.000368">Parent suite setup failed:
PermissionError: [Errno 13] Permission denied: '/home/runner/work/ecal-test-suite/ecal-test-suite/integration_tests/basic_pub_sub/scripts/build_images.sh'</status>
</test>
<test id="s1-s1-t3" name="Basic Pub/Sub Local TCP" line="46">
<tag>basic_pub_sub_local_tcp</tag>
<status status="FAIL" start="2025-07-24T13:26:56.483324" elapsed="0.000281">Parent suite setup failed:
PermissionError: [Errno 13] Permission denied: '/home/runner/work/ecal-test-suite/ecal-test-suite/integration_tests/basic_pub_sub/scripts/build_images.sh'</status>
</test>
<test id="s1-s1-t4" name="Basic Pub/Sub Network UDP" line="50">
<tag>basic_pub_sub_network_udp</tag>
<status status="FAIL" start="2025-07-24T13:26:56.483815" elapsed="0.000275">Parent suite setup failed:
PermissionError: [Errno 13] Permission denied: '/home/runner/work/ecal-test-suite/ecal-test-suite/integration_tests/basic_pub_sub/scripts/build_images.sh'</status>
</test>
<test id="s1-s1-t5" name="Basic Pub/Sub Network TCP" line="54">
<tag>basic_pub_sub_network_tcp</tag>
<status status="FAIL" start="2025-07-24T13:26:56.484265" elapsed="0.000262">Parent suite setup failed:
PermissionError: [Errno 13] Permission denied: '/home/runner/work/ecal-test-suite/ecal-test-suite/integration_tests/basic_pub_sub/scripts/build_images.sh'</status>
</test>
<status status="FAIL" start="2025-07-24T13:26:56.372065" elapsed="0.112846">Suite setup failed:
PermissionError: [Errno 13] Permission denied: '/home/runner/work/ecal-test-suite/ecal-test-suite/integration_tests/basic_pub_sub/scripts/build_images.sh'</status>
</suite>
<suite id="s1-s2" name="Multi Pub Sub" source="/home/runner/work/ecal-test-suite/ecal-test-suite/integration_tests/multi_pub_sub/robottests/multi_pub_sub.robot">
<kw name="Init Test Context" type="SETUP">
<kw name="Set Test Context" owner="GlobalPathsLibrary">
<arg>multi_pub_sub</arg>
<arg>multi_pub_sub</arg>
<doc>Sets the test folder and tag prefix if it's a valid test case.
The folder must exist under integration_tests/ and contain typical test structure.</doc>
<status status="PASS" start="2025-07-24T13:26:56.488136" elapsed="0.000128"/>
</kw>
<kw name="Get Build Script Path" owner="GlobalPathsLibrary">
<msg time="2025-07-24T13:26:56.488438" level="INFO">${build} = /home/runner/work/ecal-test-suite/ecal-test-suite/integration_tests/multi_pub_sub/scripts/build_images.sh</msg>
<var>${build}</var>
<status status="PASS" start="2025-07-24T13:26:56.488343" elapsed="0.000115"/>
</kw>
<kw name="Get Network Name" owner="GlobalPathsLibrary">
<msg time="2025-07-24T13:26:56.488603" level="INFO">${net} = ecal_test_net</msg>
<var>${net}</var>
<status status="PASS" start="2025-07-24T13:26:56.488523" elapsed="0.000097"/>
</kw>
<kw name="Get Build Script Args" owner="GlobalPathsLibrary">
<msg time="2025-07-24T13:26:56.488763" level="INFO">${args} = ['multi_pub_sub']</msg>
<var>${args}</var>
<status status="PASS" start="2025-07-24T13:26:56.488682" elapsed="0.000099"/>
</kw>
<kw name="Set Suite Variable" owner="BuiltIn">
<msg time="2025-07-24T13:26:56.489015" level="INFO">${BUILD_SCRIPT} = /home/runner/work/ecal-test-suite/ecal-test-suite/integration_tests/multi_pub_sub/scripts/build_images.sh</msg>
<arg>${BUILD_SCRIPT}</arg>
<arg>${build}</arg>
<doc>Makes a variable available everywhere within the scope of the current suite.</doc>
<status status="PASS" start="2025-07-24T13:26:56.488885" elapsed="0.000160"/>
</kw>
<kw name="Set Suite Variable" owner="BuiltIn">
<msg time="2025-07-24T13:26:56.489231" level="INFO">${NETWORK} = ecal_test_net</msg>
<arg>${NETWORK}</arg>
<arg>${net}</arg>
<doc>Makes a variable available everywhere within the scope of the current suite.</doc>
<status status="PASS" start="2025-07-24T13:26:56.489117" elapsed="0.000141"/>
</kw>
<kw name="Get Test Description" owner="GlobalPathsLibrary">
<msg time="2025-07-24T13:26:56.493826" level="INFO">${desc} = This test validates eCAL communication in a scenario involving multiple publishers and subscribers.

Test Setup:
- Two publishers run in parallel and publish messages on the **same topic**.
• Publishe...</msg>
<var>${desc}</var>
<doc>Reads the *** Comments *** section from the .robot file and returns it as a string.</doc>
<status status="PASS" start="2025-07-24T13:26:56.489322" elapsed="0.004534"/>
</kw>
<kw name="Log" owner="BuiltIn">
<msg time="2025-07-24T13:26:56.494034" level="INFO">This test validates eCAL communication in a scenario involving multiple publishers and subscribers.

Test Setup:
- Two publishers run in parallel and publish messages on the **same topic**.
• Publisher 1 sends messages containing the byte value **42**.
• Publisher 2 sends messages containing the byte value **43**.
- Two subscribers listen on that same topic and must receive all messages from both publishers.

Covered eCAL modes:
- local_shm
- local_udp
- local_tcp
- network_udp
- network_tcp

Goals:
- Ensure that eCAL correctly distributes messages from **multiple sources** to **multiple receivers**.
- Verify that **topic routing, message integrity, and delivery** work consistently across different transport modes.

Success Criteria:
- Each subscriber must receive **10 messages with value 42** and **10 with value 43**.
- If this condition is met, the subscriber exits with code **0**.
- If any expected messages are missing, the subscriber exits with code **1**.</msg>
<arg>${desc}</arg>
<doc>Logs the given message with the given level.</doc>
<status status="PASS" start="2025-07-24T13:26:56.493938" elapsed="0.000135"/>
</kw>
<kw name="Log To Console" owner="BuiltIn">
<arg>[SETUP] Building Docker image...</arg>
<doc>Logs the given message to the console.</doc>
<status status="PASS" start="2025-07-24T13:26:56.494145" elapsed="0.000090"/>
</kw>
<kw name="Run Process" owner="Process">
<msg time="2025-07-24T13:26:56.494644" level="INFO">Starting process:
/home/runner/work/ecal-test-suite/ecal-test-suite/integration_tests/multi_pub_sub/scripts/build_images.sh multi_pub_sub</msg>
<msg time="2025-07-24T13:26:56.494956" level="FAIL">PermissionError: [Errno 13] Permission denied: '/home/runner/work/ecal-test-suite/ecal-test-suite/integration_tests/multi_pub_sub/scripts/build_images.sh'</msg>
<var>${result}</var>
<arg>${BUILD_SCRIPT}</arg>
<arg>@{args}</arg>
<doc>Runs a process and waits for it to complete.</doc>
<status status="FAIL" start="2025-07-24T13:26:56.494343" elapsed="0.000993">PermissionError: [Errno 13] Permission denied: '/home/runner/work/ecal-test-suite/ecal-test-suite/integration_tests/multi_pub_sub/scripts/build_images.sh'</status>
</kw>
<kw name="Should Be Equal As Integers" owner="BuiltIn">
<arg>${result.rc}</arg>
<arg>0</arg>
<arg>Failed to build Docker image!</arg>
<doc>Fails if objects are unequal after converting them to integers.</doc>
<status status="NOT RUN" start="2025-07-24T13:26:56.495430" elapsed="0.000017"/>
</kw>
<kw name="Create Docker Network" owner="DockerLibrary">
<arg>${NETWORK}</arg>
<status status="NOT RUN" start="2025-07-24T13:26:56.495515" elapsed="0.000014"/>
</kw>
<kw name="Sleep" owner="BuiltIn">
<arg>3s</arg>
<doc>Pauses the test executed for the given time.</doc>
<status status="NOT RUN" start="2025-07-24T13:26:56.495585" elapsed="0.000013"/>
</kw>
<status status="FAIL" start="2025-07-24T13:26:56.487952" elapsed="0.007714">PermissionError: [Errno 13] Permission denied: '/home/runner/work/ecal-test-suite/ecal-test-suite/integration_tests/multi_pub_sub/scripts/build_images.sh'</status>
</kw>
<test id="s1-s2-t1" name="Multi Pub/Sub Local SHM Test" line="39">
<tag>multi_pub_sub_local_shm</tag>
<status status="FAIL" start="2025-07-24T13:26:56.495712" elapsed="0.000264">Parent suite setup failed:
PermissionError: [Errno 13] Permission denied: '/home/runner/work/ecal-test-suite/ecal-test-suite/integration_tests/multi_pub_sub/scripts/build_images.sh'</status>
</test>
<test id="s1-s2-t2" name="Multi Pub/Sub Local UDP Test" line="43">
<tag>multi_pub_sub_local_udp</tag>
<status status="FAIL" start="2025-07-24T13:26:56.496147" elapsed="0.000275">Parent suite setup failed:
PermissionError: [Errno 13] Permission denied: '/home/runner/work/ecal-test-suite/ecal-test-suite/integration_tests/multi_pub_sub/scripts/build_images.sh'</status>
</test>
<test id="s1-s2-t3" name="Multi Pub/Sub Local TCP Test" line="47">
<tag>multi_pub_sub_local_tcp</tag>
<status status="FAIL" start="2025-07-24T13:26:56.496597" elapsed="0.000288">Parent suite setup failed:
PermissionError: [Errno 13] Permission denied: '/home/runner/work/ecal-test-suite/ecal-test-suite/integration_tests/multi_pub_sub/scripts/build_images.sh'</status>
</test>
<test id="s1-s2-t4" name="Multi Pub/Sub Network UDP Test" line="51">
<tag>multi_pub_sub_network_udp</tag>
<status status="FAIL" start="2025-07-24T13:26:56.497060" elapsed="0.000267">Parent suite setup failed:
PermissionError: [Errno 13] Permission denied: '/home/runner/work/ecal-test-suite/ecal-test-suite/integration_tests/multi_pub_sub/scripts/build_images.sh'</status>
</test>
<test id="s1-s2-t5" name="Multi Pub/Sub Network TCP Test" line="55">
<tag>multi_pub_sub_network_tcp</tag>
<status status="FAIL" start="2025-07-24T13:26:56.497495" elapsed="0.000263">Parent suite setup failed:
PermissionError: [Errno 13] Permission denied: '/home/runner/work/ecal-test-suite/ecal-test-suite/integration_tests/multi_pub_sub/scripts/build_images.sh'</status>
</test>
<status status="FAIL" start="2025-07-24T13:26:56.485472" elapsed="0.012554">Suite setup failed:
PermissionError: [Errno 13] Permission denied: '/home/runner/work/ecal-test-suite/ecal-test-suite/integration_tests/multi_pub_sub/scripts/build_images.sh'</status>
</suite>
<suite id="s1-s3" name="Network Crash" source="/home/runner/work/ecal-test-suite/ecal-test-suite/integration_tests/network_crash/robottests/network_crash.robot">
<kw name="Init Test Context" type="SETUP">
<kw name="Set Test Context" owner="GlobalPathsLibrary">
<arg>network_crash</arg>
<arg>network_crash</arg>
<doc>Sets the test folder and tag prefix if it's a valid test case.
The folder must exist under integration_tests/ and contain typical test structure.</doc>
<status status="PASS" start="2025-07-24T13:26:56.501161" elapsed="0.000127"/>
</kw>
<kw name="Get Build Script Path" owner="GlobalPathsLibrary">
<msg time="2025-07-24T13:26:56.501483" level="INFO">${build} = /home/runner/work/ecal-test-suite/ecal-test-suite/integration_tests/network_crash/scripts/build_images.sh</msg>
<var>${build}</var>
<status status="PASS" start="2025-07-24T13:26:56.501393" elapsed="0.000109"/>
</kw>
<kw name="Get Network Name" owner="GlobalPathsLibrary">
<msg time="2025-07-24T13:26:56.501644" level="INFO">${net} = ecal_test_net</msg>
<var>${net}</var>
<status status="PASS" start="2025-07-24T13:26:56.501567" elapsed="0.000094"/>
</kw>
<kw name="Get Build Script Args" owner="GlobalPathsLibrary">
<msg time="2025-07-24T13:26:56.501825" level="INFO">${args} = ['network_crash']</msg>
<var>${args}</var>
<status status="PASS" start="2025-07-24T13:26:56.501726" elapsed="0.000119"/>
</kw>
<kw name="Set Suite Variable" owner="BuiltIn">
<msg time="2025-07-24T13:26:56.502057" level="INFO">${BUILD_SCRIPT} = /home/runner/work/ecal-test-suite/ecal-test-suite/integration_tests/network_crash/scripts/build_images.sh</msg>
<arg>${BUILD_SCRIPT}</arg>
<arg>${build}</arg>
<doc>Makes a variable available everywhere within the scope of the current suite.</doc>
<status status="PASS" start="2025-07-24T13:26:56.501922" elapsed="0.000164"/>
</kw>
<kw name="Set Suite Variable" owner="BuiltIn">
<msg time="2025-07-24T13:26:56.502272" level="INFO">${NETWORK} = ecal_test_net</msg>
<arg>${NETWORK}</arg>
<arg>${net}</arg>
<doc>Makes a variable available everywhere within the scope of the current suite.</doc>
<status status="PASS" start="2025-07-24T13:26:56.502158" elapsed="0.000140"/>
</kw>
<kw name="Get Test Description" owner="GlobalPathsLibrary">
<msg time="2025-07-24T13:26:56.502508" level="INFO">${desc} = Test Objective:
Verify that local UDP-based communication remains functional even if a separate network UDP publisher is disconnected —
simulating a network failure scenario such as a cable unplug.

T...</msg>
<var>${desc}</var>
<doc>Reads the *** Comments *** section from the .robot file and returns it as a string.</doc>
<status status="PASS" start="2025-07-24T13:26:56.502362" elapsed="0.000168"/>
</kw>
<kw name="Log" owner="BuiltIn">
<msg time="2025-07-24T13:26:56.502688" level="INFO">Test Objective:
Verify that local UDP-based communication remains functional even if a separate network UDP publisher is disconnected —
simulating a network failure scenario such as a cable unplug.

Test Context:
This test validates the robustness of eCAL's UDP transport layer under fault conditions by ensuring that
local communication is not affected by network-layer interruptions.

Test Scenario:
1. A local UDP subscriber and two local UDP publishers run in the **same container** using eCAL's local mode.
- Publisher 1 sends payloads with value 42 from the beginning.
- Publisher 2 sends value 44, but only **after the network publisher is disconnected** (simulated delay).

2. A network UDP publisher runs in a **separate container**, using eCAL network mode and sends value 43.

3. All publishers run in parallel for a defined period (publisher 2 starts delayed after ~7s).

4. The test then **disconnects** the network UDP publisher from the Docker network.

Success Criteria:
- The subscriber receives:
• Messages with value 42 throughout the test.
• Messages with value 43 only **before** the disconnection.
• Messages with value 44 after the network crash (i.e., from local UDP Publisher 2).
- The subscriber container exits with code 0.
- The log confirms all expected messages have been received.

Note:
This test ensures **fault isolation** between local and network layers in eCAL middleware.</msg>
<arg>${desc}</arg>
<doc>Logs the given message with the given level.</doc>
<status status="PASS" start="2025-07-24T13:26:56.502600" elapsed="0.000130"/>
</kw>
<kw name="Log To Console" owner="BuiltIn">
<arg>[SETUP] Building image...</arg>
<doc>Logs the given message to the console.</doc>
<status status="PASS" start="2025-07-24T13:26:56.502813" elapsed="0.000088"/>
</kw>
<kw name="Run Process" owner="Process">
<msg time="2025-07-24T13:26:56.503171" level="INFO">Starting process:
/home/runner/work/ecal-test-suite/ecal-test-suite/integration_tests/network_crash/scripts/build_images.sh network_crash</msg>
<msg time="2025-07-24T13:26:56.503461" level="FAIL">PermissionError: [Errno 13] Permission denied: '/home/runner/work/ecal-test-suite/ecal-test-suite/integration_tests/network_crash/scripts/build_images.sh'</msg>
<var>${result}</var>
<arg>${BUILD_SCRIPT}</arg>
<arg>@{args}</arg>
<doc>Runs a process and waits for it to complete.</doc>
<status status="FAIL" start="2025-07-24T13:26:56.503008" elapsed="0.000982">PermissionError: [Errno 13] Permission denied: '/home/runner/work/ecal-test-suite/ecal-test-suite/integration_tests/network_crash/scripts/build_images.sh'</status>
</kw>
<kw name="Should Be Equal As Integers" owner="BuiltIn">
<arg>${result.rc}</arg>
<arg>0</arg>
<arg>Docker image build failed!</arg>
<doc>Fails if objects are unequal after converting them to integers.</doc>
<status status="NOT RUN" start="2025-07-24T13:26:56.504085" elapsed="0.000017"/>
</kw>
<kw name="Create Docker Network" owner="DockerLibrary">
<arg>${NETWORK}</arg>
<status status="NOT RUN" start="2025-07-24T13:26:56.504169" elapsed="0.000014"/>
</kw>
<kw name="Sleep" owner="BuiltIn">
<arg>2s</arg>
<doc>Pauses the test executed for the given time.</doc>
<status status="NOT RUN" start="2025-07-24T13:26:56.504249" elapsed="0.000012"/>
</kw>
<status status="FAIL" start="2025-07-24T13:26:56.501020" elapsed="0.003303">PermissionError: [Errno 13] Permission denied: '/home/runner/work/ecal-test-suite/ecal-test-suite/integration_tests/network_crash/scripts/build_images.sh'</status>
</kw>
<test id="s1-s3-t1" name="Local communication survives Network crash" line="45">
<tag>network_crash_test</tag>
<status status="FAIL" start="2025-07-24T13:26:56.504364" elapsed="0.000236">Parent suite setup failed:
PermissionError: [Errno 13] Permission denied: '/home/runner/work/ecal-test-suite/ecal-test-suite/integration_tests/network_crash/scripts/build_images.sh'</status>
</test>
<status status="FAIL" start="2025-07-24T13:26:56.498599" elapsed="0.006265">Suite setup failed:
PermissionError: [Errno 13] Permission denied: '/home/runner/work/ecal-test-suite/ecal-test-suite/integration_tests/network_crash/scripts/build_images.sh'</status>
</suite>
<suite id="s1-s4" name="Pub Crash" source="/home/runner/work/ecal-test-suite/ecal-test-suite/integration_tests/pub_crash/robottests/pub_crash.robot">
<kw name="Init Test Context" type="SETUP">
<kw name="Set Test Context" owner="GlobalPathsLibrary">
<arg>pub_crash</arg>
<arg>pub_crash</arg>
<doc>Sets the test folder and tag prefix if it's a valid test case.
The folder must exist under integration_tests/ and contain typical test structure.</doc>
<status status="PASS" start="2025-07-24T13:26:56.507976" elapsed="0.000121"/>
</kw>
<kw name="Get Build Script Path" owner="GlobalPathsLibrary">
<msg time="2025-07-24T13:26:56.508257" level="INFO">${build} = /home/runner/work/ecal-test-suite/ecal-test-suite/integration_tests/pub_crash/scripts/build_images.sh</msg>
<var>${build}</var>
<status status="PASS" start="2025-07-24T13:26:56.508173" elapsed="0.000103"/>
</kw>
<kw name="Get Network Name" owner="GlobalPathsLibrary">
<msg time="2025-07-24T13:26:56.508412" level="INFO">${net} = ecal_test_net</msg>
<var>${net}</var>
<status status="PASS" start="2025-07-24T13:26:56.508338" elapsed="0.000091"/>
</kw>
<kw name="Get Build Script Args" owner="GlobalPathsLibrary">
<msg time="2025-07-24T13:26:56.508561" level="INFO">${args} = ['pub_crash']</msg>
<var>${args}</var>
<status status="PASS" start="2025-07-24T13:26:56.508488" elapsed="0.000089"/>
</kw>
<kw name="Set Suite Variable" owner="BuiltIn">
<msg time="2025-07-24T13:26:56.508776" level="INFO">${BUILD_SCRIPT} = /home/runner/work/ecal-test-suite/ecal-test-suite/integration_tests/pub_crash/scripts/build_images.sh</msg>
<arg>${BUILD_SCRIPT}</arg>
<arg>${build}</arg>
<doc>Makes a variable available everywhere within the scope of the current suite.</doc>
<status status="PASS" start="2025-07-24T13:26:56.508651" elapsed="0.000202"/>
</kw>
<kw name="Set Suite Variable" owner="BuiltIn">
<msg time="2025-07-24T13:26:56.509054" level="INFO">${NETWORK} = ecal_test_net</msg>
<arg>${NETWORK}</arg>
<arg>${net}</arg>
<doc>Makes a variable available everywhere within the scope of the current suite.</doc>
<status status="PASS" start="2025-07-24T13:26:56.508933" elapsed="0.000153"/>
</kw>
<kw name="Get Test Description" owner="GlobalPathsLibrary">
<msg time="2025-07-24T13:26:56.509284" level="INFO">${desc} = Test Objective:
Ensure that communication to the subscriber continues even if one publisher crashes.

Test Scenario:
- Two publishers are started:
1. crash_publisher: sends a few messages (value 42) a...</msg>
<var>${desc}</var>
<doc>Reads the *** Comments *** section from the .robot file and returns it as a string.</doc>
<status status="PASS" start="2025-07-24T13:26:56.509151" elapsed="0.000153"/>
</kw>
<kw name="Log" owner="BuiltIn">
<msg time="2025-07-24T13:26:56.509455" level="INFO">Test Objective:
Ensure that communication to the subscriber continues even if one publisher crashes.

Test Scenario:
- Two publishers are started:
1. crash_publisher: sends a few messages (value 42) and then crashes.
2. test_publisher: continuously sends messages (value 43).
- One subscriber receives data from both publishers.
- A monitoring process tracks process appearance.

Success Criteria:
- Subscriber receives enough messages with value 43 after crash_publisher crashes.
- Subscriber exits with code 0, indicating continued communication.
- All containers terminate cleanly.</msg>
<arg>${desc}</arg>
<doc>Logs the given message with the given level.</doc>
<status status="PASS" start="2025-07-24T13:26:56.509374" elapsed="0.000112"/>
</kw>
<kw name="Log To Console" owner="BuiltIn">
<arg>[SETUP] Building Docker image...</arg>
<doc>Logs the given message to the console.</doc>
<status status="PASS" start="2025-07-24T13:26:56.509549" elapsed="0.000082"/>
</kw>
<kw name="Run Process" owner="Process">
<msg time="2025-07-24T13:26:56.509923" level="INFO">Starting process:
/home/runner/work/ecal-test-suite/ecal-test-suite/integration_tests/pub_crash/scripts/build_images.sh pub_crash</msg>
<msg time="2025-07-24T13:26:56.510197" level="FAIL">PermissionError: [Errno 13] Permission denied: '/home/runner/work/ecal-test-suite/ecal-test-suite/integration_tests/pub_crash/scripts/build_images.sh'</msg>
<var>${result}</var>
<arg>${BUILD_SCRIPT}</arg>
<arg>@{args}</arg>
<doc>Runs a process and waits for it to complete.</doc>
<status status="FAIL" start="2025-07-24T13:26:56.509737" elapsed="0.000833">PermissionError: [Errno 13] Permission denied: '/home/runner/work/ecal-test-suite/ecal-test-suite/integration_tests/pub_crash/scripts/build_images.sh'</status>
</kw>
<kw name="Should Be Equal As Integers" owner="BuiltIn">
<arg>${result.rc}</arg>
<arg>0</arg>
<arg>Docker build failed!</arg>
<doc>Fails if objects are unequal after converting them to integers.</doc>
<status status="NOT RUN" start="2025-07-24T13:26:56.510664" elapsed="0.000018"/>
</kw>
<kw name="Create Docker Network" owner="DockerLibrary">
<arg>${NETWORK}</arg>
<status status="NOT RUN" start="2025-07-24T13:26:56.510751" elapsed="0.000014"/>
</kw>
<kw name="Sleep" owner="BuiltIn">
<arg>3s</arg>
<doc>Pauses the test executed for the given time.</doc>
<status status="NOT RUN" start="2025-07-24T13:26:56.510851" elapsed="0.000015"/>
</kw>
<status status="FAIL" start="2025-07-24T13:26:56.507831" elapsed="0.003103">PermissionError: [Errno 13] Permission denied: '/home/runner/work/ecal-test-suite/ecal-test-suite/integration_tests/pub_crash/scripts/build_images.sh'</status>
</kw>
<test id="s1-s4-t1" name="Communication Continues After Publisher Crash (UDP)" line="30">
<tag>pub_crash_network_udp</tag>
<status status="FAIL" start="2025-07-24T13:26:56.510976" elapsed="0.000246">Parent suite setup failed:
PermissionError: [Errno 13] Permission denied: '/home/runner/work/ecal-test-suite/ecal-test-suite/integration_tests/pub_crash/scripts/build_images.sh'</status>
</test>
<test id="s1-s4-t2" name="Communication Continues After Publisher Crash (TCP)" line="34">
<tag>pub_crash_network_tcp</tag>
<status status="FAIL" start="2025-07-24T13:26:56.511392" elapsed="0.000309">Parent suite setup failed:
PermissionError: [Errno 13] Permission denied: '/home/runner/work/ecal-test-suite/ecal-test-suite/integration_tests/pub_crash/scripts/build_images.sh'</status>
</test>
<test id="s1-s4-t3" name="Communication Continues After Publisher Crash (SHM)" line="38">
<tag>pub_crash_local_shm</tag>
<status status="FAIL" start="2025-07-24T13:26:56.511888" elapsed="0.000302">Parent suite setup failed:
PermissionError: [Errno 13] Permission denied: '/home/runner/work/ecal-test-suite/ecal-test-suite/integration_tests/pub_crash/scripts/build_images.sh'</status>
</test>
<status status="FAIL" start="2025-07-24T13:26:56.505446" elapsed="0.006982">Suite setup failed:
PermissionError: [Errno 13] Permission denied: '/home/runner/work/ecal-test-suite/ecal-test-suite/integration_tests/pub_crash/scripts/build_images.sh'</status>
</suite>
<suite id="s1-s5" name="Rpc N To N Test" source="/home/runner/work/ecal-test-suite/ecal-test-suite/integration_tests/rpc_n_to_n_test/robottests/rpc_n_to_n_test.robot">
<kw name="Init Test Context" type="SETUP">
<kw name="Set Test Context" owner="GlobalPathsLibrary">
<arg>rpc_n_to_n_test</arg>
<arg>rpc_n_to_n_test</arg>
<doc>Sets the test folder and tag prefix if it's a valid test case.
The folder must exist under integration_tests/ and contain typical test structure.</doc>
<status status="PASS" start="2025-07-24T13:26:56.515717" elapsed="0.000143"/>
</kw>
<kw name="Get Build Script Path" owner="GlobalPathsLibrary">
<msg time="2025-07-24T13:26:56.516024" level="INFO">${build} = /home/runner/work/ecal-test-suite/ecal-test-suite/integration_tests/rpc_n_to_n_test/scripts/build_images.sh</msg>
<var>${build}</var>
<status status="PASS" start="2025-07-24T13:26:56.515938" elapsed="0.000105"/>
</kw>
<kw name="Get Network Name" owner="GlobalPathsLibrary">
<msg time="2025-07-24T13:26:56.516180" level="INFO">${net} = ecal_test_net</msg>
<var>${net}</var>
<status status="PASS" start="2025-07-24T13:26:56.516106" elapsed="0.000091"/>
</kw>
<kw name="Get Build Script Args" owner="GlobalPathsLibrary">
<msg time="2025-07-24T13:26:56.516330" level="INFO">${args} = ['rpc_n_to_n_test']</msg>
<var>${args}</var>
<status status="PASS" start="2025-07-24T13:26:56.516256" elapsed="0.000091"/>
</kw>
<kw name="Set Suite Variable" owner="BuiltIn">
<msg time="2025-07-24T13:26:56.516532" level="INFO">${BUILD_SCRIPT} = /home/runner/work/ecal-test-suite/ecal-test-suite/integration_tests/rpc_n_to_n_test/scripts/build_images.sh</msg>
<arg>${BUILD_SCRIPT}</arg>
<arg>${build}</arg>
<doc>Makes a variable available everywhere within the scope of the current suite.</doc>
<status status="PASS" start="2025-07-24T13:26:56.516412" elapsed="0.000149"/>
</kw>
<kw name="Set Suite Variable" owner="BuiltIn">
<msg time="2025-07-24T13:26:56.516744" level="INFO">${NETWORK} = ecal_test_net</msg>
<arg>${NETWORK}</arg>
<arg>${net}</arg>
<doc>Makes a variable available everywhere within the scope of the current suite.</doc>
<status status="PASS" start="2025-07-24T13:26:56.516632" elapsed="0.000138"/>
</kw>
<kw name="Get Test Description" owner="GlobalPathsLibrary">
<msg time="2025-07-24T13:26:56.516995" level="INFO">${desc} = This test validates N-to-N RPC communication using eCAL, where multiple clients
send concurrent Ping requests to multiple servers.

Test Setup:
- 2 RPC servers provide a method called "Ping".
- 2 RPC ...</msg>
<var>${desc}</var>
<doc>Reads the *** Comments *** section from the .robot file and returns it as a string.</doc>
<status status="PASS" start="2025-07-24T13:26:56.516863" elapsed="0.000152"/>
</kw>
<kw name="Log" owner="BuiltIn">
<msg time="2025-07-24T13:26:56.517171" level="INFO">This test validates N-to-N RPC communication using eCAL, where multiple clients
send concurrent Ping requests to multiple servers.

Test Setup:
- 2 RPC servers provide a method called "Ping".
- 2 RPC clients call this method on all available servers.
- Each client must receive a valid "PONG" response from all available servers.

Goals:
- Validate that RPC communication scales to N clients and N servers.
- Ensure all clients connect and receive correct responses from all servers.

Success Criteria:
- Each client prints the correct number of "PONG" responses.
- All clients exit with code 0.</msg>
<arg>${desc}</arg>
<doc>Logs the given message with the given level.</doc>
<status status="PASS" start="2025-07-24T13:26:56.517088" elapsed="0.000142"/>
</kw>
<kw name="Log To Console" owner="BuiltIn">
<arg>[SETUP] Building Docker image...</arg>
<doc>Logs the given message to the console.</doc>
<status status="PASS" start="2025-07-24T13:26:56.517297" elapsed="0.000083"/>
</kw>
<kw name="Run Process" owner="Process">
<msg time="2025-07-24T13:26:56.517650" level="INFO">Starting process:
/home/runner/work/ecal-test-suite/ecal-test-suite/integration_tests/rpc_n_to_n_test/scripts/build_images.sh rpc_n_to_n_test</msg>
<msg time="2025-07-24T13:26:56.517935" level="FAIL">PermissionError: [Errno 13] Permission denied: '/home/runner/work/ecal-test-suite/ecal-test-suite/integration_tests/rpc_n_to_n_test/scripts/build_images.sh'</msg>
<var>${result}</var>
<arg>${BUILD_SCRIPT}</arg>
<arg>@{args}</arg>
<doc>Runs a process and waits for it to complete.</doc>
<status status="FAIL" start="2025-07-24T13:26:56.517485" elapsed="0.000826">PermissionError: [Errno 13] Permission denied: '/home/runner/work/ecal-test-suite/ecal-test-suite/integration_tests/rpc_n_to_n_test/scripts/build_images.sh'</status>
</kw>
<kw name="Should Be Equal As Integers" owner="BuiltIn">
<arg>${result.rc}</arg>
<arg>0</arg>
<arg>Failed to build Docker image!</arg>
<doc>Fails if objects are unequal after converting them to integers.</doc>
<status status="NOT RUN" start="2025-07-24T13:26:56.518402" elapsed="0.000017"/>
</kw>
<kw name="Create Docker Network" owner="DockerLibrary">
<arg>${NETWORK}</arg>
<status status="NOT RUN" start="2025-07-24T13:26:56.518486" elapsed="0.000013"/>
</kw>
<kw name="Sleep" owner="BuiltIn">
<arg>2s</arg>
<doc>Pauses the test executed for the given time.</doc>
<status status="NOT RUN" start="2025-07-24T13:26:56.518556" elapsed="0.000012"/>
</kw>
<status status="FAIL" start="2025-07-24T13:26:56.515571" elapsed="0.003060">PermissionError: [Errno 13] Permission denied: '/home/runner/work/ecal-test-suite/ecal-test-suite/integration_tests/rpc_n_to_n_test/scripts/build_images.sh'</status>
</kw>
<test id="s1-s5-t1" name="RPC N-to-N Test" line="33">
<tag>rpc_n_to_n_test</tag>
<status status="FAIL" start="2025-07-24T13:26:56.518673" elapsed="0.000231">Parent suite setup failed:
PermissionError: [Errno 13] Permission denied: '/home/runner/work/ecal-test-suite/ecal-test-suite/integration_tests/rpc_n_to_n_test/scripts/build_images.sh'</status>
</test>
<status status="FAIL" start="2025-07-24T13:26:56.513030" elapsed="0.006108">Suite setup failed:
PermissionError: [Errno 13] Permission denied: '/home/runner/work/ecal-test-suite/ecal-test-suite/integration_tests/rpc_n_to_n_test/scripts/build_images.sh'</status>
</suite>
<suite id="s1-s6" name="Rpc Ping Test" source="/home/runner/work/ecal-test-suite/ecal-test-suite/integration_tests/rpc_ping_test/robottests/rpc_ping_test.robot">
<kw name="Init Test Context" type="SETUP">
<kw name="Set Test Context" owner="GlobalPathsLibrary">
<arg>rpc_ping_test</arg>
<arg>rpc_ping_test</arg>
<doc>Sets the test folder and tag prefix if it's a valid test case.
The folder must exist under integration_tests/ and contain typical test structure.</doc>
<status status="PASS" start="2025-07-24T13:26:56.522402" elapsed="0.000120"/>
</kw>
<kw name="Get Build Script Path" owner="GlobalPathsLibrary">
<msg time="2025-07-24T13:26:56.522693" level="INFO">${build} = /home/runner/work/ecal-test-suite/ecal-test-suite/integration_tests/rpc_ping_test/scripts/build_images.sh</msg>
<var>${build}</var>
<status status="PASS" start="2025-07-24T13:26:56.522608" elapsed="0.000104"/>
</kw>
<kw name="Get Network Name" owner="GlobalPathsLibrary">
<msg time="2025-07-24T13:26:56.522876" level="INFO">${net} = ecal_test_net</msg>
<var>${net}</var>
<status status="PASS" start="2025-07-24T13:26:56.522773" elapsed="0.000121"/>
</kw>
<kw name="Get Build Script Args" owner="GlobalPathsLibrary">
<msg time="2025-07-24T13:26:56.523030" level="INFO">${args} = ['rpc_ping_test']</msg>
<var>${args}</var>
<status status="PASS" start="2025-07-24T13:26:56.522956" elapsed="0.000091"/>
</kw>
<kw name="Set Suite Variable" owner="BuiltIn">
<msg time="2025-07-24T13:26:56.523254" level="INFO">${BUILD_SCRIPT} = /home/runner/work/ecal-test-suite/ecal-test-suite/integration_tests/rpc_ping_test/scripts/build_images.sh</msg>
<arg>${BUILD_SCRIPT}</arg>
<arg>${build}</arg>
<doc>Makes a variable available everywhere within the scope of the current suite.</doc>
<status status="PASS" start="2025-07-24T13:26:56.523115" elapsed="0.000167"/>
</kw>
<kw name="Set Suite Variable" owner="BuiltIn">
<msg time="2025-07-24T13:26:56.523471" level="INFO">${NETWORK} = ecal_test_net</msg>
<arg>${NETWORK}</arg>
<arg>${net}</arg>
<doc>Makes a variable available everywhere within the scope of the current suite.</doc>
<status status="PASS" start="2025-07-24T13:26:56.523357" elapsed="0.000140"/>
</kw>
<kw name="Get Test Description" owner="GlobalPathsLibrary">
<msg time="2025-07-24T13:26:56.523688" level="INFO">${desc} = This test checks a basic RPC communication between a client and a server.

Test Setup:
- The server provides a method called "Ping".
- The client sends one "PING" request to this method.

Goals:
- Ens...</msg>
<var>${desc}</var>
<doc>Reads the *** Comments *** section from the .robot file and returns it as a string.</doc>
<status status="PASS" start="2025-07-24T13:26:56.523560" elapsed="0.000147"/>
</kw>
<kw name="Log" owner="BuiltIn">
<msg time="2025-07-24T13:26:56.523882" level="INFO">This test checks a basic RPC communication between a client and a server.

Test Setup:
- The server provides a method called "Ping".
- The client sends one "PING" request to this method.

Goals:
- Ensure RPC client-server interaction works over network UDP.
- Validate that the server responds with "PONG".
- The client must connect, call the method, and receive a valid response.

Success Criteria:
- The server receives a call and returns a response.
- The client prints the response and exits with code 0.</msg>
<arg>${desc}</arg>
<doc>Logs the given message with the given level.</doc>
<status status="PASS" start="2025-07-24T13:26:56.523775" elapsed="0.000138"/>
</kw>
<kw name="Log To Console" owner="BuiltIn">
<arg>[SETUP] Building Docker image...</arg>
<doc>Logs the given message to the console.</doc>
<status status="PASS" start="2025-07-24T13:26:56.523978" elapsed="0.000079"/>
</kw>
<kw name="Run Process" owner="Process">
<msg time="2025-07-24T13:26:56.524324" level="INFO">Starting process:
/home/runner/work/ecal-test-suite/ecal-test-suite/integration_tests/rpc_ping_test/scripts/build_images.sh rpc_ping_test</msg>
<msg time="2025-07-24T13:26:56.524587" level="FAIL">PermissionError: [Errno 13] Permission denied: '/home/runner/work/ecal-test-suite/ecal-test-suite/integration_tests/rpc_ping_test/scripts/build_images.sh'</msg>
<var>${result}</var>
<arg>${BUILD_SCRIPT}</arg>
<arg>@{args}</arg>
<doc>Runs a process and waits for it to complete.</doc>
<status status="FAIL" start="2025-07-24T13:26:56.524162" elapsed="0.000821">PermissionError: [Errno 13] Permission denied: '/home/runner/work/ecal-test-suite/ecal-test-suite/integration_tests/rpc_ping_test/scripts/build_images.sh'</status>
</kw>
<kw name="Should Be Equal As Integers" owner="BuiltIn">
<arg>${result.rc}</arg>
<arg>0</arg>
<arg>Failed to build Docker image!</arg>
<doc>Fails if objects are unequal after converting them to integers.</doc>
<status status="NOT RUN" start="2025-07-24T13:26:56.525073" elapsed="0.000016"/>
</kw>
<kw name="Create Docker Network" owner="DockerLibrary">
<arg>${NETWORK}</arg>
<status status="NOT RUN" start="2025-07-24T13:26:56.525154" elapsed="0.000041"/>
</kw>
<kw name="Sleep" owner="BuiltIn">
<arg>2s</arg>
<doc>Pauses the test executed for the given time.</doc>
<status status="NOT RUN" start="2025-07-24T13:26:56.525258" elapsed="0.000013"/>
</kw>
<status status="FAIL" start="2025-07-24T13:26:56.522275" elapsed="0.003059">PermissionError: [Errno 13] Permission denied: '/home/runner/work/ecal-test-suite/ecal-test-suite/integration_tests/rpc_ping_test/scripts/build_images.sh'</status>
</kw>
<test id="s1-s6-t1" name="RPC Ping Test" line="30">
<tag>rpc_server_client_ping_test</tag>
<status status="FAIL" start="2025-07-24T13:26:56.525375" elapsed="0.000206">Parent suite setup failed:
PermissionError: [Errno 13] Permission denied: '/home/runner/work/ecal-test-suite/ecal-test-suite/integration_tests/rpc_ping_test/scripts/build_images.sh'</status>
</test>
<status status="FAIL" start="2025-07-24T13:26:56.519705" elapsed="0.006130">Suite setup failed:
PermissionError: [Errno 13] Permission denied: '/home/runner/work/ecal-test-suite/ecal-test-suite/integration_tests/rpc_ping_test/scripts/build_images.sh'</status>
</suite>
<suite id="s1-s7" name="Rpc Reconnect Test" source="/home/runner/work/ecal-test-suite/ecal-test-suite/integration_tests/rpc_reconnect_test/robottests/rpc_reconnect_test.robot">
<kw name="Init Test Context" type="SETUP">
<kw name="Set Test Context" owner="GlobalPathsLibrary">
<arg>rpc_reconnect_test</arg>
<arg>rpc_reconnect_test</arg>
<doc>Sets the test folder and tag prefix if it's a valid test case.
The folder must exist under integration_tests/ and contain typical test structure.</doc>
<status status="PASS" start="2025-07-24T13:26:56.528758" elapsed="0.000147"/>
</kw>
<kw name="Get Build Script Path" owner="GlobalPathsLibrary">
<msg time="2025-07-24T13:26:56.529069" level="INFO">${build} = /home/runner/work/ecal-test-suite/ecal-test-suite/integration_tests/rpc_reconnect_test/scripts/build_images.sh</msg>
<var>${build}</var>
<status status="PASS" start="2025-07-24T13:26:56.528984" elapsed="0.000104"/>
</kw>
<kw name="Get Build Script Args" owner="GlobalPathsLibrary">
<msg time="2025-07-24T13:26:56.529233" level="INFO">${args} = ['rpc_reconnect_test']</msg>
<var>${args}</var>
<status status="PASS" start="2025-07-24T13:26:56.529151" elapsed="0.000104"/>
</kw>
<kw name="Set Suite Variable" owner="BuiltIn">
<msg time="2025-07-24T13:26:56.529446" level="INFO">${BUILD_SCRIPT} = /home/runner/work/ecal-test-suite/ecal-test-suite/integration_tests/rpc_reconnect_test/scripts/build_images.sh</msg>
<arg>${BUILD_SCRIPT}</arg>
<arg>${build}</arg>
<doc>Makes a variable available everywhere within the scope of the current suite.</doc>
<status status="PASS" start="2025-07-24T13:26:56.529325" elapsed="0.000149"/>
</kw>
<kw name="Create Docker Network With Subnet" owner="DockerLibrary">
<arg>${NETWORK}</arg>
<arg>172.28.0.0/16</arg>
<doc>Creates a Docker bridge network with a given subnet if it does not already exist.</doc>
<status status="PASS" start="2025-07-24T13:26:56.529536" elapsed="0.061206"/>
</kw>
<kw name="Log To Console" owner="BuiltIn">
<arg>[SETUP] Building Docker image...</arg>
<doc>Logs the given message to the console.</doc>
<status status="PASS" start="2025-07-24T13:26:56.590970" elapsed="0.000168"/>
</kw>
<kw name="Run Process" owner="Process">
<msg time="2025-07-24T13:26:56.591432" level="INFO">Starting process:
/home/runner/work/ecal-test-suite/ecal-test-suite/integration_tests/rpc_reconnect_test/scripts/build_images.sh rpc_reconnect_test</msg>
<msg time="2025-07-24T13:26:56.591754" level="FAIL">PermissionError: [Errno 13] Permission denied: '/home/runner/work/ecal-test-suite/ecal-test-suite/integration_tests/rpc_reconnect_test/scripts/build_images.sh'</msg>
<var>${result}</var>
<arg>${BUILD_SCRIPT}</arg>
<arg>@{args}</arg>
<doc>Runs a process and waits for it to complete.</doc>
<status status="FAIL" start="2025-07-24T13:26:56.591245" elapsed="0.000966">PermissionError: [Errno 13] Permission denied: '/home/runner/work/ecal-test-suite/ecal-test-suite/integration_tests/rpc_reconnect_test/scripts/build_images.sh'</status>
</kw>
<kw name="Should Be Equal As Integers" owner="BuiltIn">
<arg>${result.rc}</arg>
<arg>0</arg>
<arg>Failed to build Docker image!</arg>
<doc>Fails if objects are unequal after converting them to integers.</doc>
<status status="NOT RUN" start="2025-07-24T13:26:56.592308" elapsed="0.000017"/>
</kw>
<kw name="Sleep" owner="BuiltIn">
<arg>3s</arg>
<doc>Pauses the test executed for the given time.</doc>
<status status="NOT RUN" start="2025-07-24T13:26:56.592395" elapsed="0.000014"/>
</kw>
<status status="FAIL" start="2025-07-24T13:26:56.528607" elapsed="0.063883">PermissionError: [Errno 13] Permission denied: '/home/runner/work/ecal-test-suite/ecal-test-suite/integration_tests/rpc_reconnect_test/scripts/build_images.sh'</status>
</kw>
<test id="s1-s7-t1" name="RPC Reconnect Test" line="28">
<tag>rpc_reconnect</tag>
<status status="FAIL" start="2025-07-24T13:26:56.592547" elapsed="0.000333">Parent suite setup failed:
PermissionError: [Errno 13] Permission denied: '/home/runner/work/ecal-test-suite/ecal-test-suite/integration_tests/rpc_reconnect_test/scripts/build_images.sh'</status>
</test>
<test id="s1-s7-t2" name="RPC Reconnect Test2" line="32">
<tag>rpc_reconnect</tag>
<status status="FAIL" start="2025-07-24T13:26:56.593059" elapsed="0.000208">Parent suite setup failed:
PermissionError: [Errno 13] Permission denied: '/home/runner/work/ecal-test-suite/ecal-test-suite/integration_tests/rpc_reconnect_test/scripts/build_images.sh'</status>
</test>
<status status="FAIL" start="2025-07-24T13:26:56.526382" elapsed="0.067097">Suite setup failed:
PermissionError: [Errno 13] Permission denied: '/home/runner/work/ecal-test-suite/ecal-test-suite/integration_tests/rpc_reconnect_test/scripts/build_images.sh'</status>
</suite>
<suite id="s1-s8" name="Sub Crash" source="/home/runner/work/ecal-test-suite/ecal-test-suite/integration_tests/sub_crash/robottests/sub_crash.robot">
<kw name="Init Test Context" type="SETUP">
<kw name="Set Test Context" owner="GlobalPathsLibrary">
<arg>sub_crash</arg>
<arg>sub_crash</arg>
<doc>Sets the test folder and tag prefix if it's a valid test case.
The folder must exist under integration_tests/ and contain typical test structure.</doc>
<status status="PASS" start="2025-07-24T13:26:56.596668" elapsed="0.000164"/>
</kw>
<kw name="Get Build Script Path" owner="GlobalPathsLibrary">
<msg time="2025-07-24T13:26:56.597008" level="INFO">${build} = /home/runner/work/ecal-test-suite/ecal-test-suite/integration_tests/sub_crash/scripts/build_images.sh</msg>
<var>${build}</var>
<status status="PASS" start="2025-07-24T13:26:56.596916" elapsed="0.000111"/>
</kw>
<kw name="Get Network Name" owner="GlobalPathsLibrary">
<msg time="2025-07-24T13:26:56.597173" level="INFO">${net} = ecal_test_net</msg>
<var>${net}</var>
<status status="PASS" start="2025-07-24T13:26:56.597091" elapsed="0.000098"/>
</kw>
<kw name="Get Build Script Args" owner="GlobalPathsLibrary">
<msg time="2025-07-24T13:26:56.597324" level="INFO">${args} = ['sub_crash']</msg>
<var>${args}</var>
<status status="PASS" start="2025-07-24T13:26:56.597251" elapsed="0.000089"/>
</kw>
<kw name="Set Suite Variable" owner="BuiltIn">
<msg time="2025-07-24T13:26:56.597546" level="INFO">${BUILD_SCRIPT} = /home/runner/work/ecal-test-suite/ecal-test-suite/integration_tests/sub_crash/scripts/build_images.sh</msg>
<arg>${BUILD_SCRIPT}</arg>
<arg>${build}</arg>
<doc>Makes a variable available everywhere within the scope of the current suite.</doc>
<status status="PASS" start="2025-07-24T13:26:56.597416" elapsed="0.000158"/>
</kw>
<kw name="Set Suite Variable" owner="BuiltIn">
<msg time="2025-07-24T13:26:56.597754" level="INFO">${NETWORK} = ecal_test_net</msg>
<arg>${NETWORK}</arg>
<arg>${net}</arg>
<doc>Makes a variable available everywhere within the scope of the current suite.</doc>
<status status="PASS" start="2025-07-24T13:26:56.597643" elapsed="0.000137"/>
</kw>
<kw name="Get Test Description" owner="GlobalPathsLibrary">
<msg time="2025-07-24T13:26:56.598026" level="INFO">${desc} = Test Objective:
Ensure that a second subscriber continues to receive messages even if one subscriber crashes.

Test Scenario:
- One publisher (`test_publisher`) sends continuous messages (value 43).
-...</msg>
<var>${desc}</var>
<doc>Reads the *** Comments *** section from the .robot file and returns it as a string.</doc>
<status status="PASS" start="2025-07-24T13:26:56.597877" elapsed="0.000197"/>
</kw>
<kw name="Log" owner="BuiltIn">
<msg time="2025-07-24T13:26:56.598232" level="INFO">Test Objective:
Ensure that a second subscriber continues to receive messages even if one subscriber crashes.

Test Scenario:
- One publisher (`test_publisher`) sends continuous messages (value 43).
- Two subscribers are started:
1. `crash_subscriber`: receives a few messages and then crashes.
2. `test_subscriber`: receives messages throughout the test duration.
- A monitoring process tracks all components.

Success Criteria:
- `test_subscriber` must receive a number of messages.
- `test_subscriber` must exit with code 0.
- The crash of one subscriber does not affect the continued communication of the other.</msg>
<arg>${desc}</arg>
<doc>Logs the given message with the given level.</doc>
<status status="PASS" start="2025-07-24T13:26:56.598148" elapsed="0.000116"/>
</kw>
<kw name="Log To Console" owner="BuiltIn">
<arg>[SETUP] Building Docker image...</arg>
<doc>Logs the given message to the console.</doc>
<status status="PASS" start="2025-07-24T13:26:56.598330" elapsed="0.000091"/>
</kw>
<kw name="Run Process" owner="Process">
<msg time="2025-07-24T13:26:56.598639" level="INFO">Starting process:
/home/runner/work/ecal-test-suite/ecal-test-suite/integration_tests/sub_crash/scripts/build_images.sh sub_crash</msg>
<msg time="2025-07-24T13:26:56.598929" level="FAIL">PermissionError: [Errno 13] Permission denied: '/home/runner/work/ecal-test-suite/ecal-test-suite/integration_tests/sub_crash/scripts/build_images.sh'</msg>
<var>${result}</var>
<arg>${BUILD_SCRIPT}</arg>
<arg>@{args}</arg>
<doc>Runs a process and waits for it to complete.</doc>
<status status="FAIL" start="2025-07-24T13:26:56.598504" elapsed="0.000800">PermissionError: [Errno 13] Permission denied: '/home/runner/work/ecal-test-suite/ecal-test-suite/integration_tests/sub_crash/scripts/build_images.sh'</status>
</kw>
<kw name="Should Be Equal As Integers" owner="BuiltIn">
<arg>${result.rc}</arg>
<arg>0</arg>
<arg>Docker build failed!</arg>
<doc>Fails if objects are unequal after converting them to integers.</doc>
<status status="NOT RUN" start="2025-07-24T13:26:56.599397" elapsed="0.000016"/>
</kw>
<kw name="Create Docker Network" owner="DockerLibrary">
<arg>${NETWORK}</arg>
<status status="NOT RUN" start="2025-07-24T13:26:56.599479" elapsed="0.000026"/>
</kw>
<kw name="Sleep" owner="BuiltIn">
<arg>3s</arg>
<doc>Pauses the test executed for the given time.</doc>
<status status="NOT RUN" start="2025-07-24T13:26:56.599559" elapsed="0.000013"/>
</kw>
<status status="FAIL" start="2025-07-24T13:26:56.596535" elapsed="0.003097">PermissionError: [Errno 13] Permission denied: '/home/runner/work/ecal-test-suite/ecal-test-suite/integration_tests/sub_crash/scripts/build_images.sh'</status>
</kw>
<test id="s1-s8-t1" name="Network Communication Continues After Subscriber Crash (UDP)" line="30">
<tag>sub_crash_network_udp</tag>
<status status="FAIL" start="2025-07-24T13:26:56.599674" elapsed="0.000284">Parent suite setup failed:
PermissionError: [Errno 13] Permission denied: '/home/runner/work/ecal-test-suite/ecal-test-suite/integration_tests/sub_crash/scripts/build_images.sh'</status>
</test>
<test id="s1-s8-t2" name="Network Communication Continues After Publisher Crash (TCP)" line="34">
<tag>pub_crash_network_tcp</tag>
<status status="FAIL" start="2025-07-24T13:26:56.600111" elapsed="0.000243">Parent suite setup failed:
PermissionError: [Errno 13] Permission denied: '/home/runner/work/ecal-test-suite/ecal-test-suite/integration_tests/sub_crash/scripts/build_images.sh'</status>
</test>
<test id="s1-s8-t3" name="Local Communication Continues After Subscriber Crash (SHM)" line="38">
<tag>sub_crash_local_shm</tag>
<status status="FAIL" start="2025-07-24T13:26:56.600501" elapsed="0.001212">Parent suite setup failed:
PermissionError: [Errno 13] Permission denied: '/home/runner/work/ecal-test-suite/ecal-test-suite/integration_tests/sub_crash/scripts/build_images.sh'</status>
</test>
<test id="s1-s8-t4" name="Local Communication Continues After Subscriber Crash (UDP)" line="42">
<tag>sub_crash_local_udp</tag>
<status status="FAIL" start="2025-07-24T13:26:56.601892" elapsed="0.000235">Parent suite setup failed:
PermissionError: [Errno 13] Permission denied: '/home/runner/work/ecal-test-suite/ecal-test-suite/integration_tests/sub_crash/scripts/build_images.sh'</status>
</test>
<test id="s1-s8-t5" name="Local Communication Continues After Subscriber Crash (TCP)" line="46">
<tag>sub_crash_local_tcp</tag>
<status status="FAIL" start="2025-07-24T13:26:56.602273" elapsed="0.000222">Parent suite setup failed:
PermissionError: [Errno 13] Permission denied: '/home/runner/work/ecal-test-suite/ecal-test-suite/integration_tests/sub_crash/scripts/build_images.sh'</status>
</test>
<status status="FAIL" start="2025-07-24T13:26:56.594061" elapsed="0.008628">Suite setup failed:
PermissionError: [Errno 13] Permission denied: '/home/runner/work/ecal-test-suite/ecal-test-suite/integration_tests/sub_crash/scripts/build_images.sh'</status>
</suite>
<suite id="s1-s9" name="Sub Send Crash" source="/home/runner/work/ecal-test-suite/ecal-test-suite/integration_tests/sub_send_crash/robottests/sub_send_crash.robot">
<kw name="Init Test Context" type="SETUP">
<kw name="Set Test Context" owner="GlobalPathsLibrary">
<arg>sub_send_crash</arg>
<arg>sub_send_crash</arg>
<doc>Sets the test folder and tag prefix if it's a valid test case.
The folder must exist under integration_tests/ and contain typical test structure.</doc>
<status status="PASS" start="2025-07-24T13:26:56.605478" elapsed="0.000119"/>
</kw>
<kw name="Get Build Script Path" owner="GlobalPathsLibrary">
<msg time="2025-07-24T13:26:56.605756" level="INFO">${build} = /home/runner/work/ecal-test-suite/ecal-test-suite/integration_tests/sub_send_crash/scripts/build_images.sh</msg>
<var>${build}</var>
<status status="PASS" start="2025-07-24T13:26:56.605672" elapsed="0.000102"/>
</kw>
<kw name="Get Network Name" owner="GlobalPathsLibrary">
<msg time="2025-07-24T13:26:56.605933" level="INFO">${net} = ecal_test_net</msg>
<var>${net}</var>
<status status="PASS" start="2025-07-24T13:26:56.605856" elapsed="0.000093"/>
</kw>
<kw name="Get Build Script Args" owner="GlobalPathsLibrary">
<msg time="2025-07-24T13:26:56.606080" level="INFO">${args} = ['sub_send_crash']</msg>
<var>${args}</var>
<status status="PASS" start="2025-07-24T13:26:56.606008" elapsed="0.000089"/>
</kw>
<kw name="Set Suite Variable" owner="BuiltIn">
<msg time="2025-07-24T13:26:56.606283" level="INFO">${BUILD_SCRIPT} = /home/runner/work/ecal-test-suite/ecal-test-suite/integration_tests/sub_send_crash/scripts/build_images.sh</msg>
<arg>${BUILD_SCRIPT}</arg>
<arg>${build}</arg>
<doc>Makes a variable available everywhere within the scope of the current suite.</doc>
<status status="PASS" start="2025-07-24T13:26:56.606164" elapsed="0.000147"/>
</kw>
<kw name="Set Suite Variable" owner="BuiltIn">
<msg time="2025-07-24T13:26:56.606492" level="INFO">${NETWORK} = ecal_test_net</msg>
<arg>${NETWORK}</arg>
<arg>${net}</arg>
<doc>Makes a variable available everywhere within the scope of the current suite.</doc>
<status status="PASS" start="2025-07-24T13:26:56.606381" elapsed="0.000137"/>
</kw>
<kw name="Get Test Description" owner="GlobalPathsLibrary">
<msg time="2025-07-24T13:26:56.606712" level="INFO">${desc} = Test Objective:
This test verifies that if one subscriber crashes during the reception of a large message,
other subscribers or the publisher remain unaffected and stable.

Test Scenario:
- A `large_p...</msg>
<var>${desc}</var>
<doc>Reads the *** Comments *** section from the .robot file and returns it as a string.</doc>
<status status="PASS" start="2025-07-24T13:26:56.606579" elapsed="0.000153"/>
</kw>
<kw name="Log" owner="BuiltIn">
<msg time="2025-07-24T13:26:56.606954" level="INFO">Test Objective:
This test verifies that if one subscriber crashes during the reception of a large message,
other subscribers or the publisher remain unaffected and stable.

Test Scenario:
- A `large_publisher` sends very large messages (~50MB+).
- One `crash_subscriber` is designed to crash during message reception (e.g., via simulated failure during callback).
- One `test_subscriber` continues running and must successfully receive all messages.
- In an additional test case, a variant with `zero_copy_mode` enabled is used to evaluate the performance and fault tolerance in a high-throughput configuration.

Success Criteria:
- The `test_subscriber` must receive messages without crashing and exit with code 0.
- The `crash_subscriber` should crash as intended.
- The `large_publisher` must remain operational and not be blocked or destabilized.
- In SHM mode with `zero_copy`, the system should handle the shared memory access without affecting other subscribers or the pubisher.

Notes:
- Zero-Copy mode is only applicable to Shared Memory (SHM) transport.
- The Local UDP test is skipped for large messages because of message size limitations.
- This test failes because of SHM with zero copy mode, which is a known issue in the current implementation.</msg>
<arg>${desc}</arg>
<doc>Logs the given message with the given level.</doc>
<status status="PASS" start="2025-07-24T13:26:56.606865" elapsed="0.000123"/>
</kw>
<kw name="Log To Console" owner="BuiltIn">
<arg>[SETUP] Building image...</arg>
<doc>Logs the given message to the console.</doc>
<status status="PASS" start="2025-07-24T13:26:56.607054" elapsed="0.000091"/>
</kw>
<kw name="Run Process" owner="Process">
<msg time="2025-07-24T13:26:56.607365" level="INFO">Starting process:
/home/runner/work/ecal-test-suite/ecal-test-suite/integration_tests/sub_send_crash/scripts/build_images.sh sub_send_crash</msg>
<msg time="2025-07-24T13:26:56.607622" level="FAIL">PermissionError: [Errno 13] Permission denied: '/home/runner/work/ecal-test-suite/ecal-test-suite/integration_tests/sub_send_crash/scripts/build_images.sh'</msg>
<var>${result}</var>
<arg>${BUILD_SCRIPT}</arg>
<arg>@{args}</arg>
<doc>Runs a process and waits for it to complete.</doc>
<status status="FAIL" start="2025-07-24T13:26:56.607232" elapsed="0.000801">PermissionError: [Errno 13] Permission denied: '/home/runner/work/ecal-test-suite/ecal-test-suite/integration_tests/sub_send_crash/scripts/build_images.sh'</status>
</kw>
<kw name="Should Be Equal As Integers" owner="BuiltIn">
<arg>${result.rc}</arg>
<arg>0</arg>
<doc>Fails if objects are unequal after converting them to integers.</doc>
<status status="NOT RUN" start="2025-07-24T13:26:56.608124" elapsed="0.000017"/>
</kw>
<kw name="Create Docker Network" owner="DockerLibrary">
<arg>${NETWORK}</arg>
<status status="NOT RUN" start="2025-07-24T13:26:56.608205" elapsed="0.000015"/>
</kw>
<kw name="Sleep" owner="BuiltIn">
<arg>3s</arg>
<doc>Pauses the test executed for the given time.</doc>
<status status="NOT RUN" start="2025-07-24T13:26:56.608277" elapsed="0.000013"/>
</kw>
<status status="FAIL" start="2025-07-24T13:26:56.605357" elapsed="0.002996">PermissionError: [Errno 13] Permission denied: '/home/runner/work/ecal-test-suite/ecal-test-suite/integration_tests/sub_send_crash/scripts/build_images.sh'</status>
</kw>
<test id="s1-s9-t1" name="Crash During Reception (SHM)" line="36">
<tag>crash_receive_local_shm</tag>
<status status="FAIL" start="2025-07-24T13:26:56.608394" elapsed="0.000237">Parent suite setup failed:
PermissionError: [Errno 13] Permission denied: '/home/runner/work/ecal-test-suite/ecal-test-suite/integration_tests/sub_send_crash/scripts/build_images.sh'</status>
</test>
<test id="s1-s9-t2" name="Crash During Reception (TCP)" line="50">
<tag>crash_receive_local_tcp</tag>
<status status="FAIL" start="2025-07-24T13:26:56.608836" elapsed="0.000222">Parent suite setup failed:
PermissionError: [Errno 13] Permission denied: '/home/runner/work/ecal-test-suite/ecal-test-suite/integration_tests/sub_send_crash/scripts/build_images.sh'</status>
</test>
<test id="s1-s9-t3" name="Crash During Reception (Network UDP)" line="54">
<tag>crash_receive_network_udp</tag>
<status status="FAIL" start="2025-07-24T13:26:56.609210" elapsed="0.000212">Parent suite setup failed:
PermissionError: [Errno 13] Permission denied: '/home/runner/work/ecal-test-suite/ecal-test-suite/integration_tests/sub_send_crash/scripts/build_images.sh'</status>
</test>
<test id="s1-s9-t4" name="Crash During Reception (Network TCP)" line="58">
<tag>crash_receive_network_tcp</tag>
<status status="FAIL" start="2025-07-24T13:26:56.609569" elapsed="0.000208">Parent suite setup failed:
PermissionError: [Errno 13] Permission denied: '/home/runner/work/ecal-test-suite/ecal-test-suite/integration_tests/sub_send_crash/scripts/build_images.sh'</status>
</test>
<status status="FAIL" start="2025-07-24T13:26:56.603172" elapsed="0.006834">Suite setup failed:
PermissionError: [Errno 13] Permission denied: '/home/runner/work/ecal-test-suite/ecal-test-suite/integration_tests/sub_send_crash/scripts/build_images.sh'</status>
</suite>
<status status="FAIL" start="2025-07-24T13:26:56.353807" elapsed="0.256757"/>
</suite>
<statistics>
<total>
<stat pass="0" fail="27" skip="0">All Tests</stat>
</total>
<tag>
<stat pass="0" fail="1" skip="0">basic_pub_sub_local_shm</stat>
<stat pass="0" fail="1" skip="0">basic_pub_sub_local_tcp</stat>
<stat pass="0" fail="1" skip="0">basic_pub_sub_local_udp</stat>
<stat pass="0" fail="1" skip="0">basic_pub_sub_network_tcp</stat>
<stat pass="0" fail="1" skip="0">basic_pub_sub_network_udp</stat>
<stat pass="0" fail="1" skip="0">crash_receive_local_shm</stat>
<stat pass="0" fail="1" skip="0">crash_receive_local_tcp</stat>
<stat pass="0" fail="1" skip="0">crash_receive_network_tcp</stat>
<stat pass="0" fail="1" skip="0">crash_receive_network_udp</stat>
<stat pass="0" fail="1" skip="0">multi_pub_sub_local_shm</stat>
<stat pass="0" fail="1" skip="0">multi_pub_sub_local_tcp</stat>
<stat pass="0" fail="1" skip="0">multi_pub_sub_local_udp</stat>
<stat pass="0" fail="1" skip="0">multi_pub_sub_network_tcp</stat>
<stat pass="0" fail="1" skip="0">multi_pub_sub_network_udp</stat>
<stat pass="0" fail="1" skip="0">network_crash_test</stat>
<stat pass="0" fail="1" skip="0">pub_crash_local_shm</stat>
<stat pass="0" fail="2" skip="0">pub_crash_network_tcp</stat>
<stat pass="0" fail="1" skip="0">pub_crash_network_udp</stat>
<stat pass="0" fail="1" skip="0">rpc_n_to_n_test</stat>
<stat pass="0" fail="2" skip="0">rpc_reconnect</stat>
<stat pass="0" fail="1" skip="0">rpc_server_client_ping_test</stat>
<stat pass="0" fail="1" skip="0">sub_crash_local_shm</stat>
<stat pass="0" fail="1" skip="0">sub_crash_local_tcp</stat>
<stat pass="0" fail="1" skip="0">sub_crash_local_udp</stat>
<stat pass="0" fail="1" skip="0">sub_crash_network_udp</stat>
</tag>
<suite>
<stat name="Basic Pub Sub &amp; Multi Pub Sub &amp; Network Crash &amp; Pub Crash &amp; Rpc N To N Test &amp; Rpc Ping Test &amp; Rpc Reconnect Test &amp; Sub Crash &amp; Sub Send Crash" id="s1" pass="0" fail="27" skip="0">Basic Pub Sub &amp; Multi Pub Sub &amp; Network Crash &amp; Pub Crash &amp; Rpc N To N Test &amp; Rpc Ping Test &amp; Rpc Reconnect Test &amp; Sub Crash &amp; Sub Send Crash</stat>
<stat name="Basic Pub Sub" id="s1-s1" pass="0" fail="5" skip="0">Basic Pub Sub &amp; Multi Pub Sub &amp; Network Crash &amp; Pub Crash &amp; Rpc N To N Test &amp; Rpc Ping Test &amp; Rpc Reconnect Test &amp; Sub Crash &amp; Sub Send Crash.Basic Pub Sub</stat>
<stat name="Multi Pub Sub" id="s1-s2" pass="0" fail="5" skip="0">Basic Pub Sub &amp; Multi Pub Sub &amp; Network Crash &amp; Pub Crash &amp; Rpc N To N Test &amp; Rpc Ping Test &amp; Rpc Reconnect Test &amp; Sub Crash &amp; Sub Send Crash.Multi Pub Sub</stat>
<stat name="Network Crash" id="s1-s3" pass="0" fail="1" skip="0">Basic Pub Sub &amp; Multi Pub Sub &amp; Network Crash &amp; Pub Crash &amp; Rpc N To N Test &amp; Rpc Ping Test &amp; Rpc Reconnect Test &amp; Sub Crash &amp; Sub Send Crash.Network Crash</stat>
<stat name="Pub Crash" id="s1-s4" pass="0" fail="3" skip="0">Basic Pub Sub &amp; Multi Pub Sub &amp; Network Crash &amp; Pub Crash &amp; Rpc N To N Test &amp; Rpc Ping Test &amp; Rpc Reconnect Test &amp; Sub Crash &amp; Sub Send Crash.Pub Crash</stat>
<stat name="Rpc N To N Test" id="s1-s5" pass="0" fail="1" skip="0">Basic Pub Sub &amp; Multi Pub Sub &amp; Network Crash &amp; Pub Crash &amp; Rpc N To N Test &amp; Rpc Ping Test &amp; Rpc Reconnect Test &amp; Sub Crash &amp; Sub Send Crash.Rpc N To N Test</stat>
<stat name="Rpc Ping Test" id="s1-s6" pass="0" fail="1" skip="0">Basic Pub Sub &amp; Multi Pub Sub &amp; Network Crash &amp; Pub Crash &amp; Rpc N To N Test &amp; Rpc Ping Test &amp; Rpc Reconnect Test &amp; Sub Crash &amp; Sub Send Crash.Rpc Ping Test</stat>
<stat name="Rpc Reconnect Test" id="s1-s7" pass="0" fail="2" skip="0">Basic Pub Sub &amp; Multi Pub Sub &amp; Network Crash &amp; Pub Crash &amp; Rpc N To N Test &amp; Rpc Ping Test &amp; Rpc Reconnect Test &amp; Sub Crash &amp; Sub Send Crash.Rpc Reconnect Test</stat>
<stat name="Sub Crash" id="s1-s8" pass="0" fail="5" skip="0">Basic Pub Sub &amp; Multi Pub Sub &amp; Network Crash &amp; Pub Crash &amp; Rpc N To N Test &amp; Rpc Ping Test &amp; Rpc Reconnect Test &amp; Sub Crash &amp; Sub Send Crash.Sub Crash</stat>
<stat name="Sub Send Crash" id="s1-s9" pass="0" fail="4" skip="0">Basic Pub Sub &amp; Multi Pub Sub &amp; Network Crash &amp; Pub Crash &amp; Rpc N To N Test &amp; Rpc Ping Test &amp; Rpc Reconnect Test &amp; Sub Crash &amp; Sub Send Crash.Sub Send Crash</stat>
</suite>
</statistics>
<errors>
</errors>
</robot>
